#
# A fatal error has been detected by the Java Runtime Environment:
#
#  Internal Error (javaCalls.cpp:51), pid=5276, tid=0x000000000000189c
#  guarantee(thread->is_Java_thread()) failed: crucial check - the VM thread cannot and must not escape to Java code
#
# JRE version: Java(TM) SE Runtime Environment (8.0_261-b12) (build 1.8.0_261-b12)
# Java VM: Java HotSpot(TM) 64-Bit Server VM (25.261-b12 mixed mode windows-amd64 compressed oops)
# Failed to write core dump. Minidumps are not enabled by default on client versions of Windows
#
# If you would like to submit a bug report, please visit:
#   http://bugreport.java.com/bugreport/crash.jsp
#

---------------  T H R E A D  ---------------

Current thread (0x00000119d8aa5800):  GCTaskThread [stack: 0x00000005a5000000,0x00000005a5100000] [id=6300]

Stack: [0x00000005a5000000,0x00000005a5100000]
Native frames: (J=compiled Java code, j=interpreted, Vv=VM code, C=native code)
V  [jvm.dll+0x33e5f9]
V  [jvm.dll+0x2850e2]
V  [jvm.dll+0x285d8d]
V  [jvm.dll+0x27c817]
V  [jvm.dll+0x21aedd]
V  [jvm.dll+0x21b527]
V  [jvm.dll+0x33e512]
V  [jvm.dll+0x21bb51]
V  [jvm.dll+0x27d995]
V  [jvm.dll+0x27dbdd]
V  [jvm.dll+0x27dd29]
V  [jvm.dll+0x11aa58]
V  [jvm.dll+0x1165e4]
V  [jvm.dll+0x118483]
V  [jvm.dll+0x118cee]
V  [jvm.dll+0x11635a]
V  [jvm.dll+0x1154ea]
V  [jvm.dll+0xdccbb]
V  [jvm.dll+0xdd753]
V  [jvm.dll+0x1222f4]
V  [jvm.dll+0x145520]
V  [jvm.dll+0x215c69]
V  [jvm.dll+0x21557b]
V  [jvm.dll+0x24bd0f]
V  [jvm.dll+0x3e5b4a]
V  [jvm.dll+0x3d4409]
V  [jvm.dll+0x2a1cfc]
C  [ucrtbase.dll+0x21542]
C  [KERNEL32.DLL+0x16fd4]
C  [ntdll.dll+0x4cf31]

JavaThread 0x00000119f8ce5800 (nid = 16292) was being processed
Java frames: (J=compiled Java code, j=interpreted, Vv=VM code)
j  com.aceinspiration.trainingmanagementsystem.controller.AdminHomeController.checklogin(Lorg/springframework/ui/Model;Ljava/lang/String;Ljava/lang/String;)Ljava/lang/String;+9
v  ~StubRoutines::call_stub
J 2573  sun.reflect.NativeMethodAccessorImpl.invoke0(Ljava/lang/reflect/Method;Ljava/lang/Object;[Ljava/lang/Object;)Ljava/lang/Object; (0 bytes) @ 0x00000119dabbf23f [0x00000119dabbf1c0+0x7f]
J 13506 C1 sun.reflect.NativeMethodAccessorImpl.invoke(Ljava/lang/Object;[Ljava/lang/Object;)Ljava/lang/Object; (104 bytes) @ 0x00000119da9ad5c4 [0x00000119da9ac400+0x11c4]
J 13335 C2 java.lang.reflect.Method.invoke(Ljava/lang/Object;[Ljava/lang/Object;)Ljava/lang/Object; (62 bytes) @ 0x00000119dc0f4e18 [0x00000119dc0f4d60+0xb8]
j  org.springframework.web.method.support.InvocableHandlerMethod.doInvoke([Ljava/lang/Object;)Ljava/lang/Object;+16
j  org.springframework.web.method.support.InvocableHandlerMethod.invokeForRequest(Lorg/springframework/web/context/request/NativeWebRequest;Lorg/springframework/web/method/support/ModelAndViewContainer;[Ljava/lang/Object;)Ljava/lang/Object;+56
j  org.springframework.web.servlet.mvc.method.annotation.ServletInvocableHandlerMethod.invokeAndHandle(Lorg/springframework/web/context/request/ServletWebRequest;Lorg/springframework/web/method/support/ModelAndViewContainer;[Ljava/lang/Object;)V+4
j  org.springframework.web.servlet.mvc.method.annotation.RequestMappingHandlerAdapter.invokeHandlerMethod(Ljavax/servlet/http/HttpServletRequest;Ljavax/servlet/http/HttpServletResponse;Lorg/springframework/web/method/HandlerMethod;)Lorg/springframework/web/servlet/ModelAndView;+244
j  org.springframework.web.servlet.mvc.method.annotation.RequestMappingHandlerAdapter.handleInternal(Ljavax/servlet/http/HttpServletRequest;Ljavax/servlet/http/HttpServletResponse;Lorg/springframework/web/method/HandlerMethod;)Lorg/springframework/web/servlet/ModelAndView;+81
j  org.springframework.web.servlet.mvc.method.AbstractHandlerMethodAdapter.handle(Ljavax/servlet/http/HttpServletRequest;Ljavax/servlet/http/HttpServletResponse;Ljava/lang/Object;)Lorg/springframework/web/servlet/ModelAndView;+7
j  org.springframework.web.servlet.DispatcherServlet.doDispatch(Ljavax/servlet/http/HttpServletRequest;Ljavax/servlet/http/HttpServletResponse;)V+259
j  org.springframework.web.servlet.DispatcherServlet.doService(Ljavax/servlet/http/HttpServletRequest;Ljavax/servlet/http/HttpServletResponse;)V+212
j  org.springframework.web.servlet.FrameworkServlet.processRequest(Ljavax/servlet/http/HttpServletRequest;Ljavax/servlet/http/HttpServletResponse;)V+71
j  org.springframework.web.servlet.FrameworkServlet.doPost(Ljavax/servlet/http/HttpServletRequest;Ljavax/servlet/http/HttpServletResponse;)V+3
j  javax.servlet.http.HttpServlet.service(Ljavax/servlet/http/HttpServletRequest;Ljavax/servlet/http/HttpServletResponse;)V+149
j  org.springframework.web.servlet.FrameworkServlet.service(Ljavax/servlet/http/HttpServletRequest;Ljavax/servlet/http/HttpServletResponse;)V+33
j  javax.servlet.http.HttpServlet.service(Ljavax/servlet/ServletRequest;Ljavax/servlet/ServletResponse;)V+37
J 13304 C1 org.apache.catalina.core.ApplicationFilterChain.internalDoFilter(Ljavax/servlet/ServletRequest;Ljavax/servlet/ServletResponse;)V (388 bytes) @ 0x00000119dc90f6cc [0x00000119dc90ec00+0xacc]
J 13303 C1 org.apache.catalina.core.ApplicationFilterChain.doFilter(Ljavax/servlet/ServletRequest;Ljavax/servlet/ServletResponse;)V (105 bytes) @ 0x00000119dc908b6c [0x00000119dc908ac0+0xac]
j  org.apache.tomcat.websocket.server.WsFilter.doFilter(Ljavax/servlet/ServletRequest;Ljavax/servlet/ServletResponse;Ljavax/servlet/FilterChain;)V+21
J 13304 C1 org.apache.catalina.core.ApplicationFilterChain.internalDoFilter(Ljavax/servlet/ServletRequest;Ljavax/servlet/ServletResponse;)V (388 bytes) @ 0x00000119dc90f174 [0x00000119dc90ec00+0x574]
J 13303 C1 org.apache.catalina.core.ApplicationFilterChain.doFilter(Ljavax/servlet/ServletRequest;Ljavax/servlet/ServletResponse;)V (105 bytes) @ 0x00000119dc908b6c [0x00000119dc908ac0+0xac]
J 13320 C1 org.springframework.security.web.FilterChainProxy$VirtualFilterChain.doFilter(Ljavax/servlet/ServletRequest;Ljavax/servlet/ServletResponse;)V (198 bytes) @ 0x00000119da943dcc [0x00000119da940d80+0x304c]
j  org.springframework.security.web.access.intercept.FilterSecurityInterceptor.invoke(Lorg/springframework/security/web/FilterInvocation;)V+94
j  org.springframework.security.web.access.intercept.FilterSecurityInterceptor.doFilter(Ljavax/servlet/ServletRequest;Ljavax/servlet/ServletResponse;Ljavax/servlet/FilterChain;)V+15
J 13320 C1 org.springframework.security.web.FilterChainProxy$VirtualFilterChain.doFilter(Ljavax/servlet/ServletRequest;Ljavax/servlet/ServletResponse;)V (198 bytes) @ 0x00000119da943c44 [0x00000119da940d80+0x2ec4]
j  org.springframework.security.web.access.ExceptionTranslationFilter.doFilter(Ljavax/servlet/ServletRequest;Ljavax/servlet/ServletResponse;Ljavax/servlet/FilterChain;)V+17
J 13320 C1 org.springframework.security.web.FilterChainProxy$VirtualFilterChain.doFilter(Ljavax/servlet/ServletRequest;Ljavax/servlet/ServletResponse;)V (198 bytes) @ 0x00000119da943c44 [0x00000119da940d80+0x2ec4]
j  org.springframework.security.web.session.SessionManagementFilter.doFilter(Ljavax/servlet/ServletRequest;Ljavax/servlet/ServletResponse;Ljavax/servlet/FilterChain;)V+258
J 13320 C1 org.springframework.security.web.FilterChainProxy$VirtualFilterChain.doFilter(Ljavax/servlet/ServletRequest;Ljavax/servlet/ServletResponse;)V (198 bytes) @ 0x00000119da943c44 [0x00000119da940d80+0x2ec4]
j  org.springframework.security.web.authentication.AnonymousAuthenticationFilter.doFilter(Ljavax/servlet/ServletRequest;Ljavax/servlet/ServletResponse;Ljavax/servlet/FilterChain;)V+137
J 13320 C1 org.springframework.security.web.FilterChainProxy$VirtualFilterChain.doFilter(Ljavax/servlet/ServletRequest;Ljavax/servlet/ServletResponse;)V (198 bytes) @ 0x00000119da943c44 [0x00000119da940d80+0x2ec4]
j  org.springframework.security.web.servletapi.SecurityContextHolderAwareRequestFilter.doFilter(Ljavax/servlet/ServletRequest;Ljavax/servlet/ServletResponse;Ljavax/servlet/FilterChain;)V+19
J 13320 C1 org.springframework.security.web.FilterChainProxy$VirtualFilterChain.doFilter(Ljavax/servlet/ServletRequest;Ljavax/servlet/ServletResponse;)V (198 bytes) @ 0x00000119da943c44 [0x00000119da940d80+0x2ec4]
j  org.springframework.security.web.savedrequest.RequestCacheAwareFilter.doFilter(Ljavax/servlet/ServletRequest;Ljavax/servlet/ServletResponse;Ljavax/servlet/FilterChain;)V+32
J 13320 C1 org.springframework.security.web.FilterChainProxy$VirtualFilterChain.doFilter(Ljavax/servlet/ServletRequest;Ljavax/servlet/ServletResponse;)V (198 bytes) @ 0x00000119da943c44 [0x00000119da940d80+0x2ec4]
j  org.springframework.security.web.authentication.AbstractAuthenticationProcessingFilter.doFilter(Ljavax/servlet/ServletRequest;Ljavax/servlet/ServletResponse;Ljavax/servlet/FilterChain;)V+28
J 13320 C1 org.springframework.security.web.FilterChainProxy$VirtualFilterChain.doFilter(Ljavax/servlet/ServletRequest;Ljavax/servlet/ServletResponse;)V (198 bytes) @ 0x00000119da943c44 [0x00000119da940d80+0x2ec4]
j  org.springframework.security.web.authentication.logout.LogoutFilter.doFilter(Ljavax/servlet/ServletRequest;Ljavax/servlet/ServletResponse;Ljavax/servlet/FilterChain;)V+115
J 13320 C1 org.springframework.security.web.FilterChainProxy$VirtualFilterChain.doFilter(Ljavax/servlet/ServletRequest;Ljavax/servlet/ServletResponse;)V (198 bytes) @ 0x00000119da943c44 [0x00000119da940d80+0x2ec4]
j  org.springframework.security.web.csrf.CsrfFilter.doFilterInternal(Ljavax/servlet/http/HttpServletRequest;Ljavax/servlet/http/HttpServletResponse;Ljavax/servlet/FilterChain;)V+263
J 13329 C1 org.springframework.web.filter.OncePerRequestFilter.doFilter(Ljavax/servlet/ServletRequest;Ljavax/servlet/ServletResponse;Ljavax/servlet/FilterChain;)V (175 bytes) @ 0x00000119dadbfef4 [0x00000119dadbf320+0xbd4]
J 13320 C1 org.springframework.security.web.FilterChainProxy$VirtualFilterChain.doFilter(Ljavax/servlet/ServletRequest;Ljavax/servlet/ServletResponse;)V (198 bytes) @ 0x00000119da943c44 [0x00000119da940d80+0x2ec4]
j  org.springframework.security.web.header.HeaderWriterFilter.doHeadersAfter(Ljavax/servlet/http/HttpServletRequest;Ljavax/servlet/http/HttpServletResponse;Ljavax/servlet/FilterChain;)V+29
j  org.springframework.security.web.header.HeaderWriterFilter.doFilterInternal(Ljavax/servlet/http/HttpServletRequest;Ljavax/servlet/http/HttpServletResponse;Ljavax/servlet/FilterChain;)V+21
J 13329 C1 org.springframework.web.filter.OncePerRequestFilter.doFilter(Ljavax/servlet/ServletRequest;Ljavax/servlet/ServletResponse;Ljavax/servlet/FilterChain;)V (175 bytes) @ 0x00000119dadbfef4 [0x00000119dadbf320+0xbd4]
J 13320 C1 org.springframework.security.web.FilterChainProxy$VirtualFilterChain.doFilter(Ljavax/servlet/ServletRequest;Ljavax/servlet/ServletResponse;)V (198 bytes) @ 0x00000119da943c44 [0x00000119da940d80+0x2ec4]
j  org.springframework.security.web.context.SecurityContextPersistenceFilter.doFilter(Ljavax/servlet/ServletRequest;Ljavax/servlet/ServletResponse;Ljavax/servlet/FilterChain;)V+165
J 13320 C1 org.springframework.security.web.FilterChainProxy$VirtualFilterChain.doFilter(Ljavax/servlet/ServletRequest;Ljavax/servlet/ServletResponse;)V (198 bytes) @ 0x00000119da943c44 [0x00000119da940d80+0x2ec4]
j  org.springframework.security.web.context.request.async.WebAsyncManagerIntegrationFilter.doFilterInternal(Ljavax/servlet/http/HttpServletRequest;Ljavax/servlet/http/HttpServletResponse;Ljavax/servlet/FilterChain;)V+42
J 13329 C1 org.springframework.web.filter.OncePerRequestFilter.doFilter(Ljavax/servlet/ServletRequest;Ljavax/servlet/ServletResponse;Ljavax/servlet/FilterChain;)V (175 bytes) @ 0x00000119dadbfef4 [0x00000119dadbf320+0xbd4]
J 13320 C1 org.springframework.security.web.FilterChainProxy$VirtualFilterChain.doFilter(Ljavax/servlet/ServletRequest;Ljavax/servlet/ServletResponse;)V (198 bytes) @ 0x00000119da943c44 [0x00000119da940d80+0x2ec4]
j  org.springframework.security.web.FilterChainProxy.doFilterInternal(Ljavax/servlet/ServletRequest;Ljavax/servlet/ServletResponse;Ljavax/servlet/FilterChain;)V+142
j  org.springframework.security.web.FilterChainProxy.doFilter(Ljavax/servlet/ServletRequest;Ljavax/servlet/ServletResponse;Ljavax/servlet/FilterChain;)V+40
j  org.springframework.web.filter.DelegatingFilterProxy.invokeDelegate(Ljavax/servlet/Filter;Ljavax/servlet/ServletRequest;Ljavax/servlet/ServletResponse;Ljavax/servlet/FilterChain;)V+5
j  org.springframework.web.filter.DelegatingFilterProxy.doFilter(Ljavax/servlet/ServletRequest;Ljavax/servlet/ServletResponse;Ljavax/servlet/FilterChain;)V+85
J 13304 C1 org.apache.catalina.core.ApplicationFilterChain.internalDoFilter(Ljavax/servlet/ServletRequest;Ljavax/servlet/ServletResponse;)V (388 bytes) @ 0x00000119dc90f174 [0x00000119dc90ec00+0x574]
J 13303 C1 org.apache.catalina.core.ApplicationFilterChain.doFilter(Ljavax/servlet/ServletRequest;Ljavax/servlet/ServletResponse;)V (105 bytes) @ 0x00000119dc908b6c [0x00000119dc908ac0+0xac]
j  org.springframework.web.filter.RequestContextFilter.doFilterInternal(Ljavax/servlet/http/HttpServletRequest;Ljavax/servlet/http/HttpServletResponse;Ljavax/servlet/FilterChain;)V+21
J 13329 C1 org.springframework.web.filter.OncePerRequestFilter.doFilter(Ljavax/servlet/ServletRequest;Ljavax/servlet/ServletResponse;Ljavax/servlet/FilterChain;)V (175 bytes) @ 0x00000119dadbfef4 [0x00000119dadbf320+0xbd4]
J 13304 C1 org.apache.catalina.core.ApplicationFilterChain.internalDoFilter(Ljavax/servlet/ServletRequest;Ljavax/servlet/ServletResponse;)V (388 bytes) @ 0x00000119dc90f174 [0x00000119dc90ec00+0x574]
J 13303 C1 org.apache.catalina.core.ApplicationFilterChain.doFilter(Ljavax/servlet/ServletRequest;Ljavax/servlet/ServletResponse;)V (105 bytes) @ 0x00000119dc908b6c [0x00000119dc908ac0+0xac]
j  org.springframework.web.filter.FormContentFilter.doFilterInternal(Ljavax/servlet/http/HttpServletRequest;Ljavax/servlet/http/HttpServletResponse;Ljavax/servlet/FilterChain;)V+38
J 13329 C1 org.springframework.web.filter.OncePerRequestFilter.doFilter(Ljavax/servlet/ServletRequest;Ljavax/servlet/ServletResponse;Ljavax/servlet/FilterChain;)V (175 bytes) @ 0x00000119dadbfef4 [0x00000119dadbf320+0xbd4]
J 13304 C1 org.apache.catalina.core.ApplicationFilterChain.internalDoFilter(Ljavax/servlet/ServletRequest;Ljavax/servlet/ServletResponse;)V (388 bytes) @ 0x00000119dc90f174 [0x00000119dc90ec00+0x574]
J 13303 C1 org.apache.catalina.core.ApplicationFilterChain.doFilter(Ljavax/servlet/ServletRequest;Ljavax/servlet/ServletResponse;)V (105 bytes) @ 0x00000119dc908b6c [0x00000119dc908ac0+0xac]
j  org.springframework.web.filter.CharacterEncodingFilter.doFilterInternal(Ljavax/servlet/http/HttpServletRequest;Ljavax/servlet/http/HttpServletResponse;Ljavax/servlet/FilterChain;)V+53
J 13329 C1 org.springframework.web.filter.OncePerRequestFilter.doFilter(Ljavax/servlet/ServletRequest;Ljavax/servlet/ServletResponse;Ljavax/servlet/FilterChain;)V (175 bytes) @ 0x00000119dadbfef4 [0x00000119dadbf320+0xbd4]
J 13304 C1 org.apache.catalina.core.ApplicationFilterChain.internalDoFilter(Ljavax/servlet/ServletRequest;Ljavax/servlet/ServletResponse;)V (388 bytes) @ 0x00000119dc90f174 [0x00000119dc90ec00+0x574]
J 13303 C1 org.apache.catalina.core.ApplicationFilterChain.doFilter(Ljavax/servlet/ServletRequest;Ljavax/servlet/ServletResponse;)V (105 bytes) @ 0x00000119dc908b6c [0x00000119dc908ac0+0xac]
j  org.apache.catalina.core.StandardWrapperValve.invoke(Lorg/apache/catalina/connector/Request;Lorg/apache/catalina/connector/Response;)V+694
j  org.apache.catalina.core.StandardContextValve.invoke(Lorg/apache/catalina/connector/Request;Lorg/apache/catalina/connector/Response;)V+166
j  org.apache.catalina.authenticator.AuthenticatorBase.invoke(Lorg/apache/catalina/connector/Request;Lorg/apache/catalina/connector/Response;)V+261
j  org.apache.catalina.core.StandardHostValve.invoke(Lorg/apache/catalina/connector/Request;Lorg/apache/catalina/connector/Response;)V+114
j  org.apache.catalina.valves.ErrorReportValve.invoke(Lorg/apache/catalina/connector/Request;Lorg/apache/catalina/connector/Response;)V+6
j  org.apache.catalina.core.StandardEngineValve.invoke(Lorg/apache/catalina/connector/Request;Lorg/apache/catalina/connector/Response;)V+45
j  org.apache.catalina.connector.CoyoteAdapter.service(Lorg/apache/coyote/Request;Lorg/apache/coyote/Response;)V+200
j  org.apache.coyote.http11.Http11Processor.service(Lorg/apache/tomcat/util/net/SocketWrapperBase;)Lorg/apache/tomcat/util/net/AbstractEndpoint$Handler$SocketState;+745
j  org.apache.coyote.AbstractProcessorLight.process(Lorg/apache/tomcat/util/net/SocketWrapperBase;Lorg/apache/tomcat/util/net/SocketEvent;)Lorg/apache/tomcat/util/net/AbstractEndpoint$Handler$SocketState;+170
j  org.apache.coyote.AbstractProtocol$ConnectionHandler.process(Lorg/apache/tomcat/util/net/SocketWrapperBase;Lorg/apache/tomcat/util/net/SocketEvent;)Lorg/apache/tomcat/util/net/AbstractEndpoint$Handler$SocketState;+505
j  org.apache.tomcat.util.net.NioEndpoint$SocketProcessor.doRun()V+214
j  org.apache.tomcat.util.net.SocketProcessorBase.run()V+21
j  java.util.concurrent.ThreadPoolExecutor.runWorker(Ljava/util/concurrent/ThreadPoolExecutor$Worker;)V+95
j  java.util.concurrent.ThreadPoolExecutor$Worker.run()V+5
j  org.apache.tomcat.util.threads.TaskThread$WrappingRunnable.run()V+4
j  java.lang.Thread.run()V+11
v  ~StubRoutines::call_stub

---------------  P R O C E S S  ---------------

Java Threads: ( => current thread )
  0x00000119f28a3000 JavaThread "Thread-34" [_thread_blocked, id=15872, stack(0x00000005a4e00000,0x00000005a4f00000)]
  0x00000119f8ce5800 JavaThread "http-nio-8080-exec-7" daemon [_thread_blocked, id=16292, stack(0x00000005a7200000,0x00000005a7300000)]
  0x00000119f3594800 JavaThread "DestroyJavaVM" [_thread_blocked, id=9580, stack(0x00000005a4f00000,0x00000005a5000000)]
  0x00000119f3586000 JavaThread "Live Reload Server" daemon [_thread_in_native, id=9392, stack(0x00000005a6b00000,0x00000005a6c00000)]
  0x00000119f4163000 JavaThread "mysql-cj-abandoned-connection-cleanup" daemon [_thread_blocked, id=16040, stack(0x00000005a6600000,0x00000005a6700000)]
  0x00000119ee0d6800 JavaThread "Service Thread" daemon [_thread_blocked, id=12120, stack(0x00000005a5f00000,0x00000005a6000000)]
  0x00000119ee041000 JavaThread "C1 CompilerThread2" daemon [_thread_blocked, id=4452, stack(0x00000005a5e00000,0x00000005a5f00000)]
  0x00000119ee03d800 JavaThread "C2 CompilerThread1" daemon [_thread_blocked, id=10608, stack(0x00000005a5d00000,0x00000005a5e00000)]
  0x00000119edfa9000 JavaThread "C2 CompilerThread0" daemon [_thread_blocked, id=8648, stack(0x00000005a5c00000,0x00000005a5d00000)]
  0x00000119ec5c1000 JavaThread "JDWP Command Reader" daemon [_thread_in_native, id=16068, stack(0x00000005a5b00000,0x00000005a5c00000)]
  0x00000119ec5bf800 JavaThread "JDWP Event Helper Thread" daemon [_thread_blocked, id=2152, stack(0x00000005a5a00000,0x00000005a5b00000)]
  0x00000119ec5af800 JavaThread "JDWP Transport Listener: dt_socket" daemon [_thread_blocked, id=4596, stack(0x00000005a5900000,0x00000005a5a00000)]
  0x00000119ec58c800 JavaThread "Attach Listener" daemon [_thread_blocked, id=1764, stack(0x00000005a5800000,0x00000005a5900000)]
  0x00000119ec58b800 JavaThread "Signal Dispatcher" daemon [_thread_blocked, id=13984, stack(0x00000005a5700000,0x00000005a5800000)]
  0x00000119ec570000 JavaThread "Finalizer" daemon [_thread_blocked, id=14596, stack(0x00000005a5600000,0x00000005a5700000)]
  0x00000119ec546000 JavaThread "Reference Handler" daemon [_thread_blocked, id=1088, stack(0x00000005a5500000,0x00000005a5600000)]

Other Threads:
  0x00000119ec53e800 VMThread [stack: 0x00000005a5400000,0x00000005a5500000] [id=13792]
  0x00000119ee130800 WatcherThread [stack: 0x00000005a6000000,0x00000005a6100000] [id=11964]

=>0x00000119d8aa5800 (exited) GCTaskThread [stack: 0x00000005a5000000,0x00000005a5100000] [id=6300]

VM state:at safepoint (normal execution)

VM Mutex/Monitor currently owned by a thread:  ([mutex/lock_event])
[0x00000119d8a8ffd0] Threads_lock - owner thread: 0x00000119ec53e800
[0x00000119d8a8e9d0] Heap_lock - owner thread: 0x00000119f28a3000

heap address: 0x00000000c1600000, size: 1002 MB, Compressed Oops mode: 32-bit
Narrow klass base: 0x0000000000000000, Narrow klass shift: 3
Compressed class space size: 1073741824 Address: 0x0000000100000000

Heap:
 PSYoungGen      total 319488K, used 96954K [0x00000000eb200000, 0x00000000fff80000, 0x0000000100000000)
  eden space 298496K, 27% used [0x00000000eb200000,0x00000000f01caa38,0x00000000fd580000)
  from space 20992K, 72% used [0x00000000feb00000,0x00000000ff9e3e80,0x00000000fff80000)
  to   space 21504K, 42% used [0x00000000fd580000,0x00000000fde61d48,0x00000000fea80000)
 ParOldGen       total 76288K, used 49316K [0x00000000c1600000, 0x00000000c6080000, 0x00000000eb200000)
  object space 76288K, 64% used [0x00000000c1600000,0x00000000c4629288,0x00000000c6080000)
 Metaspace       used 90360K, capacity 94980K, committed 95256K, reserved 1132544K
  class space    used 10669K, capacity 11525K, committed 11560K, reserved 1048576K

Card table byte_map: [0x00000119e96d0000,0x00000119e98d0000] byte_map_base: 0x00000119e90c5000

Marking Bits: (ParMarkBitMap*) 0x0000000071584fb0
 Begin Bits: [0x00000119e9a20000, 0x00000119ea9c8000)
 End Bits:   [0x00000119ea9c8000, 0x00000119eb970000)

Polling page: 0x00000119da2e0000

CodeCache: size=245760Kb used=51036Kb max_used=51040Kb free=194723Kb
 bounds [0x00000119da310000, 0x00000119dd550000, 0x00000119e9310000]
 total_blobs=13626 nmethods=13011 adapters=534
 compilation: enabled

Compilation events (10 events):
Event: 685.015 Thread 0x00000119ee041000 nmethod 16599 0x00000119db60d8d0 code [0x00000119db60da40, 0x00000119db60dd10]
Event: 685.017 Thread 0x00000119edfa9000 nmethod 16595 0x00000119dae83f50 code [0x00000119dae840c0, 0x00000119dae849b8]
Event: 685.019 Thread 0x00000119ee041000 16600   !   3       java.util.concurrent.ThreadPoolExecutor::tryTerminate (161 bytes)
Event: 685.022 Thread 0x00000119ee041000 nmethod 16600 0x00000119dd52e710 code [0x00000119dd52ea20, 0x00000119dd530320]
Event: 685.060 Thread 0x00000119ee041000 16601       3       org.apache.tomcat.util.modeler.NoDescriptorRegistry::unregisterComponent (1 bytes)
Event: 685.061 Thread 0x00000119ee041000 nmethod 16601 0x00000119db4e60d0 code [0x00000119db4e6220, 0x00000119db4e6378]
Event: 685.066 Thread 0x00000119ee041000 16602       3       java.security.AccessControlContext::calculateFields (89 bytes)
Event: 685.067 Thread 0x00000119ee041000 nmethod 16602 0x00000119db21e090 code [0x00000119db21e220, 0x00000119db21e5e0]
Event: 685.072 Thread 0x00000119ee041000 16603       3       sun.security.ssl.SSLSocketImpl::isInputShutdown (37 bytes)
Event: 685.073 Thread 0x00000119ee041000 nmethod 16603 0x00000119dbf90290 code [0x00000119dbf90440, 0x00000119dbf90c10]

GC Heap History (10 events):
Event: 647.976 GC heap after
Heap after GC invocations=41 (full 8):
 PSYoungGen      total 309760K, used 0K [0x00000000eb200000, 0x00000000ffe00000, 0x0000000100000000)
  eden space 295936K, 0% used [0x00000000eb200000,0x00000000eb200000,0x00000000fd300000)
  from space 13824K, 0% used [0x00000000fd300000,0x00000000fd300000,0x00000000fe080000)
  to   space 22016K, 0% used [0x00000000fe880000,0x00000000fe880000,0x00000000ffe00000)
 ParOldGen       total 76288K, used 43774K [0x00000000c1600000, 0x00000000c6080000, 0x00000000eb200000)
  object space 76288K, 57% used [0x00000000c1600000,0x00000000c40bfa78,0x00000000c6080000)
 Metaspace       used 85428K, capacity 89670K, committed 90008K, reserved 1128448K
  class space    used 10359K, capacity 11110K, committed 11176K, reserved 1048576K
}
Event: 651.000 GC heap before
{Heap before GC invocations=42 (full 8):
 PSYoungGen      total 309760K, used 295936K [0x00000000eb200000, 0x00000000ffe00000, 0x0000000100000000)
  eden space 295936K, 100% used [0x00000000eb200000,0x00000000fd300000,0x00000000fd300000)
  from space 13824K, 0% used [0x00000000fd300000,0x00000000fd300000,0x00000000fe080000)
  to   space 22016K, 0% used [0x00000000fe880000,0x00000000fe880000,0x00000000ffe00000)
 ParOldGen       total 76288K, used 43774K [0x00000000c1600000, 0x00000000c6080000, 0x00000000eb200000)
  object space 76288K, 57% used [0x00000000c1600000,0x00000000c40bfa78,0x00000000c6080000)
 Metaspace       used 87423K, capacity 91814K, committed 91928K, reserved 1130496K
  class space    used 10493K, capacity 11276K, committed 11304K, reserved 1048576K
Event: 651.021 GC heap after
Heap after GC invocations=42 (full 8):
 PSYoungGen      total 317952K, used 14494K [0x00000000eb200000, 0x0000000100000000, 0x0000000100000000)
  eden space 295936K, 0% used [0x00000000eb200000,0x00000000eb200000,0x00000000fd300000)
  from space 22016K, 65% used [0x00000000fe880000,0x00000000ff6a7a90,0x00000000ffe00000)
  to   space 22016K, 0% used [0x00000000fd300000,0x00000000fd300000,0x00000000fe880000)
 ParOldGen       total 76288K, used 43782K [0x00000000c1600000, 0x00000000c6080000, 0x00000000eb200000)
  object space 76288K, 57% used [0x00000000c1600000,0x00000000c40c1a78,0x00000000c6080000)
 Metaspace       used 87423K, capacity 91814K, committed 91928K, reserved 1130496K
  class space    used 10493K, capacity 11276K, committed 11304K, reserved 1048576K
}
Event: 675.016 GC heap before
{Heap before GC invocations=43 (full 8):
 PSYoungGen      total 317952K, used 194776K [0x00000000eb200000, 0x0000000100000000, 0x0000000100000000)
  eden space 295936K, 60% used [0x00000000eb200000,0x00000000f620e580,0x00000000fd300000)
  from space 22016K, 65% used [0x00000000fe880000,0x00000000ff6a7a90,0x00000000ffe00000)
  to   space 22016K, 0% used [0x00000000fd300000,0x00000000fd300000,0x00000000fe880000)
 ParOldGen       total 76288K, used 43782K [0x00000000c1600000, 0x00000000c6080000, 0x00000000eb200000)
  object space 76288K, 57% used [0x00000000c1600000,0x00000000c40c1a78,0x00000000c6080000)
 Metaspace       used 87843K, capacity 92196K, committed 92568K, reserved 1130496K
  class space    used 10517K, capacity 11314K, committed 11432K, reserved 1048576K
Event: 675.027 GC heap after
Heap after GC invocations=43 (full 8):
 PSYoungGen      total 317952K, used 9271K [0x00000000eb200000, 0x0000000100000000, 0x0000000100000000)
  eden space 295936K, 0% used [0x00000000eb200000,0x00000000eb200000,0x00000000fd300000)
  from space 22016K, 42% used [0x00000000fd300000,0x00000000fdc0dd38,0x00000000fe880000)
  to   space 21504K, 0% used [0x00000000feb00000,0x00000000feb00000,0x0000000100000000)
 ParOldGen       total 76288K, used 43790K [0x00000000c1600000, 0x00000000c6080000, 0x00000000eb200000)
  object space 76288K, 57% used [0x00000000c1600000,0x00000000c40c3a78,0x00000000c6080000)
 Metaspace       used 87843K, capacity 92196K, committed 92568K, reserved 1130496K
  class space    used 10517K, capacity 11314K, committed 11432K, reserved 1048576K
}
Event: 675.027 GC heap before
{Heap before GC invocations=44 (full 9):
 PSYoungGen      total 317952K, used 9271K [0x00000000eb200000, 0x0000000100000000, 0x0000000100000000)
  eden space 295936K, 0% used [0x00000000eb200000,0x00000000eb200000,0x00000000fd300000)
  from space 22016K, 42% used [0x00000000fd300000,0x00000000fdc0dd38,0x00000000fe880000)
  to   space 21504K, 0% used [0x00000000feb00000,0x00000000feb00000,0x0000000100000000)
 ParOldGen       total 76288K, used 43790K [0x00000000c1600000, 0x00000000c6080000, 0x00000000eb200000)
  object space 76288K, 57% used [0x00000000c1600000,0x00000000c40c3a78,0x00000000c6080000)
 Metaspace       used 87843K, capacity 92196K, committed 92568K, reserved 1130496K
  class space    used 10517K, capacity 11314K, committed 11432K, reserved 1048576K
Event: 675.387 GC heap after
Heap after GC invocations=44 (full 9):
 PSYoungGen      total 317952K, used 0K [0x00000000eb200000, 0x0000000100000000, 0x0000000100000000)
  eden space 295936K, 0% used [0x00000000eb200000,0x00000000eb200000,0x00000000fd300000)
  from space 22016K, 0% used [0x00000000fd300000,0x00000000fd300000,0x00000000fe880000)
  to   space 21504K, 0% used [0x00000000feb00000,0x00000000feb00000,0x0000000100000000)
 ParOldGen       total 76288K, used 49300K [0x00000000c1600000, 0x00000000c6080000, 0x00000000eb200000)
  object space 76288K, 64% used [0x00000000c1600000,0x00000000c4625288,0x00000000c6080000)
 Metaspace       used 87816K, capacity 92154K, committed 92568K, reserved 1130496K
  class space    used 10513K, capacity 11307K, committed 11432K, reserved 1048576K
}
Event: 680.461 GC heap before
{Heap before GC invocations=45 (full 9):
 PSYoungGen      total 317952K, used 295936K [0x00000000eb200000, 0x0000000100000000, 0x0000000100000000)
  eden space 295936K, 100% used [0x00000000eb200000,0x00000000fd300000,0x00000000fd300000)
  from space 22016K, 0% used [0x00000000fd300000,0x00000000fd300000,0x00000000fe880000)
  to   space 21504K, 0% used [0x00000000feb00000,0x00000000feb00000,0x0000000100000000)
 ParOldGen       total 76288K, used 49300K [0x00000000c1600000, 0x00000000c6080000, 0x00000000eb200000)
  object space 76288K, 64% used [0x00000000c1600000,0x00000000c4625288,0x00000000c6080000)
 Metaspace       used 89880K, capacity 94488K, committed 94744K, reserved 1132544K
  class space    used 10645K, capacity 11490K, committed 11560K, reserved 1048576K
Event: 680.489 GC heap after
Heap after GC invocations=45 (full 9):
 PSYoungGen      total 319488K, used 15247K [0x00000000eb200000, 0x00000000fff80000, 0x0000000100000000)
  eden space 298496K, 0% used [0x00000000eb200000,0x00000000eb200000,0x00000000fd580000)
  from space 20992K, 72% used [0x00000000feb00000,0x00000000ff9e3e80,0x00000000fff80000)
  to   space 21504K, 0% used [0x00000000fd580000,0x00000000fd580000,0x00000000fea80000)
 ParOldGen       total 76288K, used 49308K [0x00000000c1600000, 0x00000000c6080000, 0x00000000eb200000)
  object space 76288K, 64% used [0x00000000c1600000,0x00000000c4627288,0x00000000c6080000)
 Metaspace       used 89880K, capacity 94488K, committed 94744K, reserved 1132544K
  class space    used 10645K, capacity 11490K, committed 11560K, reserved 1048576K
}
Event: 685.082 GC heap before
{Heap before GC invocations=46 (full 9):
 PSYoungGen      total 319488K, used 96953K [0x00000000eb200000, 0x00000000fff80000, 0x0000000100000000)
  eden space 298496K, 27% used [0x00000000eb200000,0x00000000f01ca948,0x00000000fd580000)
  from space 20992K, 72% used [0x00000000feb00000,0x00000000ff9e3e80,0x00000000fff80000)
  to   space 21504K, 0% used [0x00000000fd580000,0x00000000fd580000,0x00000000fea80000)
 ParOldGen       total 76288K, used 49308K [0x00000000c1600000, 0x00000000c6080000, 0x00000000eb200000)
  object space 76288K, 64% used [0x00000000c1600000,0x00000000c4627288,0x00000000c6080000)
 Metaspace       used 90360K, capacity 94980K, committed 95256K, reserved 1132544K
  class space    used 10669K, capacity 11525K, committed 11560K, reserved 1048576K

Deoptimization events (10 events):
Event: 685.070 Thread 0x00000119f28a0800 Uncommon trap: reason=unhandled action=none pc=0x00000119dd1ce954 method=com.sun.crypto.provider.GaloisCounterMode.decryptFinal([BII[BI)I @ 17
Event: 685.072 Thread 0x00000119f28a0800 Uncommon trap: reason=unhandled action=none pc=0x00000119dd1ce954 method=com.sun.crypto.provider.GaloisCounterMode.decryptFinal([BII[BI)I @ 17
Event: 685.073 Thread 0x00000119f28a0800 Uncommon trap: reason=unhandled action=none pc=0x00000119dd1ce954 method=com.sun.crypto.provider.GaloisCounterMode.decryptFinal([BII[BI)I @ 17
Event: 685.075 Thread 0x00000119f28a0800 Uncommon trap: reason=unhandled action=none pc=0x00000119dd1ce954 method=com.sun.crypto.provider.GaloisCounterMode.decryptFinal([BII[BI)I @ 17
Event: 685.076 Thread 0x00000119f28a0800 Uncommon trap: reason=unhandled action=none pc=0x00000119dd1ce954 method=com.sun.crypto.provider.GaloisCounterMode.decryptFinal([BII[BI)I @ 17
Event: 685.077 Thread 0x00000119f28a0800 Uncommon trap: reason=unhandled action=none pc=0x00000119dd1ce954 method=com.sun.crypto.provider.GaloisCounterMode.decryptFinal([BII[BI)I @ 17
Event: 685.078 Thread 0x00000119f28a0800 Uncommon trap: reason=unhandled action=none pc=0x00000119dd1ce954 method=com.sun.crypto.provider.GaloisCounterMode.decryptFinal([BII[BI)I @ 17
Event: 685.079 Thread 0x00000119f28a0800 Uncommon trap: reason=unhandled action=none pc=0x00000119dd1ce954 method=com.sun.crypto.provider.GaloisCounterMode.decryptFinal([BII[BI)I @ 17
Event: 685.080 Thread 0x00000119f28a0800 Uncommon trap: reason=unhandled action=none pc=0x00000119dd1ce954 method=com.sun.crypto.provider.GaloisCounterMode.decryptFinal([BII[BI)I @ 17
Event: 685.081 Thread 0x00000119f28a0800 Uncommon trap: reason=unhandled action=none pc=0x00000119dd1ce954 method=com.sun.crypto.provider.GaloisCounterMode.decryptFinal([BII[BI)I @ 17

Classes redefined (10 events):
Event: 678.878 Thread 0x00000119ec53e800 redefined class name=com.aceinspiration.trainingmanagementsystem.controller.AdminHomeController, count=5
Event: 678.954 Thread 0x00000119ec53e800 redefined class name=com.aceinspiration.trainingmanagementsystem.controller.AdminHomeController, count=3
Event: 679.051 Thread 0x00000119ec53e800 redefined class name=com.aceinspiration.trainingmanagementsystem.controller.AdminHomeController, count=2
Event: 682.970 Thread 0x00000119ec53e800 redefined class name=com.aceinspiration.trainingmanagementsystem.controller.AdminHomeController, count=8
Event: 683.044 Thread 0x00000119ec53e800 redefined class name=com.aceinspiration.trainingmanagementsystem.controller.AdminHomeController, count=7
Event: 683.111 Thread 0x00000119ec53e800 redefined class name=com.aceinspiration.trainingmanagementsystem.controller.AdminHomeController, count=5
Event: 683.176 Thread 0x00000119ec53e800 redefined class name=com.aceinspiration.trainingmanagementsystem.controller.AdminHomeController, count=2
Event: 683.244 Thread 0x00000119ec53e800 redefined class name=com.aceinspiration.trainingmanagementsystem.controller.AdminHomeController, count=6
Event: 683.320 Thread 0x00000119ec53e800 redefined class name=com.aceinspiration.trainingmanagementsystem.controller.AdminHomeController, count=4
Event: 683.394 Thread 0x00000119ec53e800 redefined class name=com.aceinspiration.trainingmanagementsystem.controller.AdminHomeController, count=3

Internal exceptions (10 events):
Event: 680.738 Thread 0x00000119f4160800 Exception <a 'java/lang/ArrayIndexOutOfBoundsException': 112> (0x00000000ed931188) thrown at [C:\jenkins\workspace\8-2-build-windows-amd64-cygwin\jdk8u261\295\hotspot\src\share\vm\interpreter\interpreterRuntime.cpp, line 368]
Event: 680.742 Thread 0x00000119f4160800 Exception <a 'java/lang/ArrayIndexOutOfBoundsException': 94> (0x00000000ed9687a0) thrown at [C:\jenkins\workspace\8-2-build-windows-amd64-cygwin\jdk8u261\295\hotspot\src\share\vm\interpreter\interpreterRuntime.cpp, line 368]
Event: 680.745 Thread 0x00000119f4160800 Exception <a 'java/lang/ArrayIndexOutOfBoundsException': 86> (0x00000000ed988d68) thrown at [C:\jenkins\workspace\8-2-build-windows-amd64-cygwin\jdk8u261\295\hotspot\src\share\vm\interpreter\interpreterRuntime.cpp, line 368]
Event: 680.760 Thread 0x00000119f4160800 Exception <a 'java/lang/ArrayIndexOutOfBoundsException': 79> (0x00000000edd1a800) thrown at [C:\jenkins\workspace\8-2-build-windows-amd64-cygwin\jdk8u261\295\hotspot\src\share\vm\interpreter\interpreterRuntime.cpp, line 368]
Event: 680.762 Thread 0x00000119f4160800 Exception <a 'java/lang/ArrayIndexOutOfBoundsException': 143> (0x00000000edd2dbb0) thrown at [C:\jenkins\workspace\8-2-build-windows-amd64-cygwin\jdk8u261\295\hotspot\src\share\vm\interpreter\interpreterRuntime.cpp, line 368]
Event: 680.771 Thread 0x00000119f4160800 Exception <a 'java/lang/ClassNotFoundException': java/lang/ObjectCustomizer> (0x00000000eddd7cf0) thrown at [C:\jenkins\workspace\8-2-build-windows-amd64-cygwin\jdk8u261\295\hotspot\src\share\vm\classfile\systemDictionary.cpp, line 210]
Event: 680.773 Thread 0x00000119f4160800 Exception <a 'java/lang/ClassNotFoundException': com/aceinspiration/trainingmanagementsystem/model/ReviewCustomizer> (0x00000000eddfbdb8) thrown at [C:\jenkins\workspace\8-2-build-windows-amd64-cygwin\jdk8u261\295\hotspot\src\share\vm\classfile\systemDict
Event: 680.822 Thread 0x00000119f4160800 Exception <a 'java/lang/ClassNotFoundException': java/lang/ObjectCustomizer> (0x00000000ee18de18) thrown at [C:\jenkins\workspace\8-2-build-windows-amd64-cygwin\jdk8u261\295\hotspot\src\share\vm\classfile\systemDictionary.cpp, line 210]
Event: 680.825 Thread 0x00000119f4160800 Exception <a 'java/lang/ClassNotFoundException': com/aceinspiration/trainingmanagementsystem/model/GalleryCustomizer> (0x00000000ee1b33a8) thrown at [C:\jenkins\workspace\8-2-build-windows-amd64-cygwin\jdk8u261\295\hotspot\src\share\vm\classfile\systemDic
Event: 685.060 Thread 0x00000119f8ce5000 Exception <a 'java/lang/InterruptedException': sleep interrupted> (0x00000000eff20020) thrown at [C:\jenkins\workspace\8-2-build-windows-amd64-cygwin\jdk8u261\295\hotspot\src\share\vm\prims\jvm.cpp, line 3346]

Events (10 events):
Event: 685.081 Thread 0x00000119f28a0800 DEOPT PACKING pc=0x00000119dd1ce954 sp=0x00000005a61fe870
Event: 685.081 Thread 0x00000119f28a0800 DEOPT UNPACKING pc=0x00000119da355843 sp=0x00000005a61fe860 mode 2
Event: 685.081 Thread 0x00000119f28a0800 DEOPT PACKING pc=0x00000119da78cc7c sp=0x00000005a61fe950
Event: 685.081 Thread 0x00000119f28a0800 DEOPT UNPACKING pc=0x00000119da357898 sp=0x00000005a61fe6f8 mode 1
Event: 685.081 Thread 0x00000119f28a0800 DEOPT PACKING pc=0x00000119da6d4564 sp=0x00000005a61fea40
Event: 685.081 Thread 0x00000119f28a0800 DEOPT UNPACKING pc=0x00000119da357898 sp=0x00000005a61fe7d8 mode 1
Event: 685.081 Thread 0x00000119f28a0800 DEOPT PACKING pc=0x00000119dab6730c sp=0x00000005a61fec70
Event: 685.081 Thread 0x00000119f28a0800 DEOPT UNPACKING pc=0x00000119da357898 sp=0x00000005a61fe9b0 mode 1
Event: 685.081 Thread 0x00000119f28a0800 Thread exited: 0x00000119f28a0800
Event: 685.082 Executing VM operation: ParallelGCSystemGC


Dynamic libraries:
0x00007ff63ace0000 - 0x00007ff63ad27000 	C:\Program Files\Java\jre1.8.0_261\bin\javaw.exe
0x00007fff83810000 - 0x00007fff83a04000 	C:\Windows\SYSTEM32\ntdll.dll
0x00007fff82e30000 - 0x00007fff82eed000 	C:\Windows\System32\KERNEL32.DLL
0x00007fff81490000 - 0x00007fff81757000 	C:\Windows\System32\KERNELBASE.dll
0x00007fff82b50000 - 0x00007fff82bfa000 	C:\Windows\System32\ADVAPI32.dll
0x00007fff825c0000 - 0x00007fff8265e000 	C:\Windows\System32\msvcrt.dll
0x00007fff818d0000 - 0x00007fff8196b000 	C:\Windows\System32\sechost.dll
0x00007fff823f0000 - 0x00007fff82513000 	C:\Windows\System32\RPCRT4.dll
0x00007fff82ef0000 - 0x00007fff83090000 	C:\Windows\System32\USER32.dll
0x00007fff810e0000 - 0x00007fff81102000 	C:\Windows\System32\win32u.dll
0x00007fff82b20000 - 0x00007fff82b4a000 	C:\Windows\System32\GDI32.dll
0x00007fff81280000 - 0x00007fff8138a000 	C:\Windows\System32\gdi32full.dll
0x00007fff81160000 - 0x00007fff811fd000 	C:\Windows\System32\msvcp_win.dll
0x00007fff81390000 - 0x00007fff81490000 	C:\Windows\System32\ucrtbase.dll
0x00007fff77a70000 - 0x00007fff77d0a000 	C:\Windows\WinSxS\amd64_microsoft.windows.common-controls_6595b64144ccf1df_6.0.19033.1_none_b557e4d546831049\COMCTL32.dll
0x00007fff82520000 - 0x00007fff82550000 	C:\Windows\System32\IMM32.DLL
0x00007fff74d50000 - 0x00007fff74d65000 	C:\Program Files\Java\jre1.8.0_261\bin\vcruntime140.dll
0x00007fff54d50000 - 0x00007fff54deb000 	C:\Program Files\Java\jre1.8.0_261\bin\msvcp140.dll
0x0000000070d90000 - 0x00000000715fc000 	C:\Program Files\Java\jre1.8.0_261\bin\server\jvm.dll
0x00007fff82660000 - 0x00007fff82668000 	C:\Windows\System32\PSAPI.DLL
0x00007fff757e0000 - 0x00007fff757ea000 	C:\Windows\SYSTEM32\VERSION.dll
0x00007fff750f0000 - 0x00007fff75117000 	C:\Windows\SYSTEM32\WINMM.dll
0x00007fff7c4a0000 - 0x00007fff7c4a9000 	C:\Windows\SYSTEM32\WSOCK32.dll
0x00007fff82550000 - 0x00007fff825bb000 	C:\Windows\System32\WS2_32.dll
0x00007fff7eee0000 - 0x00007fff7eef3000 	C:\Windows\SYSTEM32\kernel.appcore.dll
0x00007fff7afe0000 - 0x00007fff7aff0000 	C:\Program Files\Java\jre1.8.0_261\bin\verify.dll
0x00007fff79950000 - 0x00007fff7997b000 	C:\Program Files\Java\jre1.8.0_261\bin\java.dll
0x00007fff60580000 - 0x00007fff605b6000 	C:\Program Files\Java\jre1.8.0_261\bin\jdwp.dll
0x00007fff7cf40000 - 0x00007fff7cf49000 	C:\Program Files\Java\jre1.8.0_261\bin\npt.dll
0x00007fff58940000 - 0x00007fff58972000 	C:\Program Files\Java\jre1.8.0_261\bin\instrument.dll
0x00007fff7a010000 - 0x00007fff7a028000 	C:\Program Files\Java\jre1.8.0_261\bin\zip.dll
0x00007fff83090000 - 0x00007fff837c1000 	C:\Windows\System32\SHELL32.dll
0x00007fff7f0e0000 - 0x00007fff7f86a000 	C:\Windows\SYSTEM32\windows.storage.dll
0x00007fff82090000 - 0x00007fff823e4000 	C:\Windows\System32\combase.dll
0x00007fff809d0000 - 0x00007fff809fb000 	C:\Windows\SYSTEM32\Wldp.dll
0x00007fff82940000 - 0x00007fff829ee000 	C:\Windows\System32\SHCORE.dll
0x00007fff82800000 - 0x00007fff82855000 	C:\Windows\System32\shlwapi.dll
0x00007fff80e90000 - 0x00007fff80eaf000 	C:\Windows\SYSTEM32\profapi.dll
0x00007fff7c760000 - 0x00007fff7c76a000 	C:\Program Files\Java\jre1.8.0_261\bin\dt_socket.dll
0x00007fff6c300000 - 0x00007fff6c317000 	C:\Windows\system32\napinsp.dll
0x00007fff6a900000 - 0x00007fff6a91b000 	C:\Windows\system32\pnrpnsp.dll
0x00007fff6a8e0000 - 0x00007fff6a8f5000 	C:\Windows\system32\wshbth.dll
0x00007fff7ca10000 - 0x00007fff7ca2d000 	C:\Windows\system32\NLAapi.dll
0x00007fff803f0000 - 0x00007fff8042b000 	C:\Windows\SYSTEM32\IPHLPAPI.DLL
0x00007fff80750000 - 0x00007fff807ba000 	C:\Windows\System32\mswsock.dll
0x00007fff80440000 - 0x00007fff8050a000 	C:\Windows\SYSTEM32\DNSAPI.dll
0x00007fff82080000 - 0x00007fff82089000 	C:\Windows\System32\NSI.dll
0x00007fff6a840000 - 0x00007fff6a852000 	C:\Windows\System32\winrnr.dll
0x00007fff73130000 - 0x00007fff731af000 	C:\Windows\System32\fwpuclnt.dll
0x00007fff810b0000 - 0x00007fff810d7000 	C:\Windows\System32\bcrypt.dll
0x00007fff72c30000 - 0x00007fff72c3a000 	C:\Windows\System32\rasadhlp.dll
0x00007fff7c6b0000 - 0x00007fff7c6bd000 	C:\Program Files\Java\jre1.8.0_261\bin\management.dll
0x00007fff79780000 - 0x00007fff7979c000 	C:\Program Files\Java\jre1.8.0_261\bin\net.dll
0x00007fff78680000 - 0x00007fff78693000 	C:\Program Files\Java\jre1.8.0_261\bin\nio.dll
0x00007fff80920000 - 0x00007fff80938000 	C:\Windows\SYSTEM32\CRYPTSP.dll
0x00007fff80070000 - 0x00007fff800a4000 	C:\Windows\system32\rsaenh.dll
0x00007fff80e10000 - 0x00007fff80e3e000 	C:\Windows\SYSTEM32\USERENV.dll
0x00007fff81200000 - 0x00007fff8127f000 	C:\Windows\System32\bcryptprimitives.dll
0x00007fff80940000 - 0x00007fff8094c000 	C:\Windows\SYSTEM32\CRYPTBASE.dll
0x00007fff768a0000 - 0x00007fff768b7000 	C:\Windows\SYSTEM32\dhcpcsvc6.DLL
0x00007fff76970000 - 0x00007fff7698d000 	C:\Windows\SYSTEM32\dhcpcsvc.DLL
0x00007fff6aac0000 - 0x00007fff6aae4000 	C:\Program Files\Java\jre1.8.0_261\bin\sunec.dll
0x00007fff7c4b0000 - 0x00007fff7c4bd000 	C:\Program Files\Java\jre1.8.0_261\bin\sunmscapi.dll
0x00007fff80f50000 - 0x00007fff810ac000 	C:\Windows\System32\CRYPT32.dll
0x00007fff80a40000 - 0x00007fff80a67000 	C:\Windows\SYSTEM32\ncrypt.dll
0x00007fff80a00000 - 0x00007fff80a3b000 	C:\Windows\SYSTEM32\NTASN1.dll
0x00007fff73250000 - 0x00007fff73434000 	C:\Windows\SYSTEM32\dbghelp.dll

VM Arguments:
jvm_args: -agentlib:jdwp=transport=dt_socket,suspend=y,address=localhost:63754 -javaagent:C:\Users\Zwei\eclipse\jee-2019-062\eclipse\configuration\org.eclipse.osgi\411\0\.cp\lib\javaagent-shaded.jar -Dfile.encoding=UTF-8 
java_command: com.aceinspiration.trainingmanagementsystem.TrainingmanagementsystemApplication
java_class_path (initial): D:\AI_20200707\02_Java_Workspace\AI_PRJ\trainingmanagementsystem_final_1\target\classes;C:\Users\Zwei\.m2\repository\org\springframework\boot\spring-boot-starter-security\2.3.3.RELEASE\spring-boot-starter-security-2.3.3.RELEASE.jar;C:\Users\Zwei\.m2\repository\org\springframework\boot\spring-boot-starter\2.3.3.RELEASE\spring-boot-starter-2.3.3.RELEASE.jar;C:\Users\Zwei\.m2\repository\org\springframework\boot\spring-boot-starter-logging\2.3.3.RELEASE\spring-boot-starter-logging-2.3.3.RELEASE.jar;C:\Users\Zwei\.m2\repository\ch\qos\logback\logback-classic\1.2.3\logback-classic-1.2.3.jar;C:\Users\Zwei\.m2\repository\ch\qos\logback\logback-core\1.2.3\logback-core-1.2.3.jar;C:\Users\Zwei\.m2\repository\org\apache\logging\log4j\log4j-to-slf4j\2.13.3\log4j-to-slf4j-2.13.3.jar;C:\Users\Zwei\.m2\repository\org\apache\logging\log4j\log4j-api\2.13.3\log4j-api-2.13.3.jar;C:\Users\Zwei\.m2\repository\org\slf4j\jul-to-slf4j\1.7.30\jul-to-slf4j-1.7.30.jar;C:\Users\Zwei\.m2\repository\jakarta\annotation\jakarta.annotation-api\1.3.5\jakarta.annotation-api-1.3.5.jar;C:\Users\Zwei\.m2\repository\org\springframework\spring-core\5.2.8.RELEASE\spring-core-5.2.8.RELEASE.jar;C:\Users\Zwei\.m2\repository\org\springframework\spring-jcl\5.2.8.RELEASE\spring-jcl-5.2.8.RELEASE.jar;C:\Users\Zwei\.m2\repository\org\yaml\snakeyaml\1.26\snakeyaml-1.26.jar;C:\Users\Zwei\.m2\repository\org\springframework\spring-aop\5.2.8.RELEASE\spring-aop-5.2.8.RELEASE.jar;C:\Users\Zwei\.m2\repository\org\springframework\spring-beans\5.2.8.RELEASE\spring-beans-5.2.8.RELEASE.jar;C:\Users\Zwei\.m2\repository\org\springframework\security\spring-security-config\5.3.4.RELEASE\spring-security-config-5.3.4.RELEASE.jar;C:\Users\Zwei\.m2\repository\org\springframework\security\spring-security-core\5.3.4.RELEASE\spring-security-core-5.3.4.RELEASE.jar;C:\Users\Zwei\.m2\repository\org\springframework\spring-context\5.2.8.RELEASE\spring-context-5.2.8.RELEASE.jar;C:\Users\Zwei\.m2\repository\org\spri
Launcher Type: SUN_STANDARD

Environment Variables:
JAVA_HOME=C:\Program Files\Java\jdk1.8.0_261
PATH=C:/Program Files/Java/jre1.8.0_261/bin/server;C:/Program Files/Java/jre1.8.0_261/bin;C:/Program Files/Java/jre1.8.0_261/lib/amd64;C:\Program Files\Java\jdk1.8.0_261\bin;C:\Program Files (x86)\Common Files\Oracle\Java\javapath;C:\Windows\system32;C:\Windows;C:\Windows\System32\Wbem;C:\Windows\System32\WindowsPowerShell\v1.0\;C:\Windows\System32\OpenSSH\;C:\Program Files\dotnet\;C:\Program Files\Microsoft SQL Server\130\Tools\Binn\;C:\Program Files\nodejs\;C:\Users\Zwei\AppData\Local\Microsoft\WindowsApps;C:\Users\Zwei\.dotnet\tools;C:\Users\Zwei\AppData\Roaming\npm;C:\Windows\System32;
USERNAME=Zwei
OS=Windows_NT
PROCESSOR_IDENTIFIER=Intel64 Family 6 Model 61 Stepping 4, GenuineIntel



---------------  S Y S T E M  ---------------

OS: Windows 10.0 , 64 bit Build 19033 (10.0.19033.1)

CPU:total 4 (initial active 4) (2 cores per cpu, 2 threads per core) family 6 model 61 stepping 4, cmov, cx8, fxsr, mmx, sse, sse2, sse3, ssse3, sse4.1, sse4.2, popcnt, avx, avx2, aes, clmul, erms, 3dnowpref, lzcnt, ht, tsc, tscinvbit, bmi1, bmi2, adx

Memory: 4k page, physical 4103668k(428784k free), swap 10489532k(4631260k free)

vm_info: Java HotSpot(TM) 64-Bit Server VM (25.261-b12) for windows-amd64 JRE (1.8.0_261-b12), built on Jun 18 2020 06:56:32 by "" with unknown MS VC++:1916

time: Thu Jan 28 00:10:48 2021
timezone: Myanmar Standard Time
elapsed time: 685 seconds (0d 0h 11m 25s)

